2025-07-17 10:05:10,359 - INFO - Already exist files in ../Data/npz/npz_sch1/
2025-07-17 10:05:11,720 - INFO - -- CONFIGURATIONS
2025-07-17 10:05:11,720 - INFO - --- train/valid/test: 9000/1000/40000
2025-07-17 10:06:06,516 - INFO - -- RESULT
2025-07-17 10:06:06,517 - INFO - --- test size: 40000
2025-07-17 10:06:06,517 - INFO - --- Accuracy: 0.981, Mattews Correlation: 0.981,
2025-07-17 10:34:04,953 - INFO - --- generating graph data for ../Data/npz/npz_sch/train.npz
2025-07-17 10:34:04,953 - INFO - --- n_reactions: 9000, reactant_max_cnt: 23, product_max_cnt: 6
2025-07-17 10:34:59,065 - INFO - --- generating graph data for ../Data/npz/npz_sch/valid.npz
2025-07-17 10:34:59,065 - INFO - --- n_reactions: 1000, reactant_max_cnt: 23, product_max_cnt: 6
2025-07-17 10:35:05,005 - INFO - --- generating graph data for ../Data/npz/npz_sch/test.npz
2025-07-17 10:35:05,005 - INFO - --- n_reactions: 40000, reactant_max_cnt: 23, product_max_cnt: 6
2025-07-17 10:36:03,754 - INFO - --- 10000/40000 processed
2025-07-17 10:37:03,700 - INFO - --- 20000/40000 processed
2025-07-17 10:38:02,971 - INFO - --- 30000/40000 processed
2025-07-17 10:38:57,511 - INFO - --- 40000/40000 processed
2025-07-17 10:39:04,927 - INFO - -- CONFIGURATIONS
2025-07-17 10:39:04,927 - INFO - --- train/valid/test: 9000/1000/40000
2025-07-17 10:40:02,066 - INFO - -- RESULT
2025-07-17 10:40:02,066 - INFO - --- test size: 40000
2025-07-17 10:40:02,066 - INFO - --- Accuracy: 0.981, Mattews Correlation: 0.981,
2025-07-17 12:22:56,171 - INFO - Already exist files in ../Data/npz/npz_sch/
2025-07-17 12:22:57,451 - INFO - -- CONFIGURATIONS
2025-07-17 12:22:57,452 - INFO - --- train/valid/test: 9000/1000/40000
2025-07-17 12:23:27,306 - INFO - -- RESULT
2025-07-17 12:23:27,306 - INFO - --- test size: 40000
2025-07-17 12:23:27,306 - INFO - --- Accuracy: 0.981, Mattews Correlation: 0.981,
2025-07-26 21:50:58,405 - INFO - --- generating graph data for ../Data/npz/npz_tpl/train.npz
2025-07-26 21:50:58,405 - INFO - --- n_reactions: 360543, reactant_max_cnt: 58, product_max_cnt: 1
2025-07-26 21:52:32,596 - INFO - --- generating graph data for ../Data/npz/npz_tpl/train.npz
2025-07-26 21:52:32,596 - INFO - --- n_reactions: 360543, reactant_max_cnt: 58, product_max_cnt: 1
2025-07-26 22:15:52,313 - INFO - Already exist files in ../Data/npz/npz_tpl/
2025-07-26 22:16:42,220 - INFO - -- CONFIGURATIONS
2025-07-26 22:16:42,223 - INFO - --- train/valid/test: 360543/40061/44511
2025-07-26 22:36:08,355 - INFO - Already exist files in ../Data/npz/npz_tpl/
2025-07-26 22:37:16,263 - INFO - -- CONFIGURATIONS
2025-07-26 22:37:16,267 - INFO - --- train/valid/test: 360543/40061/44511
2025-07-26 22:38:46,573 - INFO - Already exist files in ../Data/npz/npz_tpl/
2025-08-01 09:57:04,458 - INFO - Already exist files in ../Data/npz/npz_tpl/
2025-08-01 09:58:04,728 - INFO - Already exist files in ../Data/npz/npz_sch/
2025-08-01 09:58:06,354 - INFO - -- CONFIGURATIONS
2025-08-01 09:58:06,354 - INFO - --- train/valid/test: 9000/1000/40000
2025-08-01 10:01:12,758 - INFO - -- RESULT
2025-08-01 10:01:12,758 - INFO - --- test size: 40000
2025-08-01 10:01:12,758 - INFO - --- Accuracy: 0.981, Mattews Correlation: 0.981,
2025-08-01 10:02:34,638 - INFO - Already exist files in ../Data/npz/npz_sch/
2025-08-01 10:02:36,318 - INFO - -- CONFIGURATIONS
2025-08-01 10:02:36,318 - INFO - --- train/valid/test: 9000/1000/40000
2025-08-01 10:05:44,589 - INFO - -- RESULT
2025-08-01 10:05:44,589 - INFO - --- test size: 40000
2025-08-01 10:05:44,589 - INFO - --- Accuracy: 0.981, Mattews Correlation: 0.981,
2025-08-01 10:09:37,817 - INFO - Already exist files in ../Data/npz/npz_sch/
2025-08-01 10:09:39,384 - INFO - -- CONFIGURATIONS
2025-08-01 10:09:39,384 - INFO - --- train/valid/test: 9000/1000/40000
2025-08-01 10:12:24,915 - INFO - -- RESULT
2025-08-01 10:12:24,915 - INFO - --- test size: 40000
2025-08-01 10:12:24,915 - INFO - --- Accuracy: 0.981, Mattews Correlation: 0.981,
2025-08-01 15:11:37,888 - INFO - Already exist files in ../Data/npz/npz_sch/
2025-08-01 15:11:40,556 - INFO - -- CONFIGURATIONS
2025-08-01 15:11:40,562 - INFO - --- train/valid/test: 9000/1000/40000
2025-08-01 15:14:45,519 - INFO - -- RESULT
2025-08-01 15:14:45,519 - INFO - --- test size: 40000
2025-08-01 15:14:45,519 - INFO - --- Accuracy: 0.981, Mattews Correlation: 0.981,
2025-08-01 15:21:20,841 - INFO - Already exist files in ../Data/npz/npz_tpl/
2025-08-01 15:23:40,977 - INFO - -- CONFIGURATIONS
2025-08-01 15:23:40,977 - INFO - --- train/valid/test: 360543/40061/44511
2025-08-01 15:49:56,220 - INFO - --- generating graph data for ../Data/npz/npz_tpl/train.npz
2025-08-01 15:49:56,220 - INFO - --- n_reactions: 360543, reactant_max_cnt: 58, product_max_cnt: 1
2025-08-01 15:57:30,449 - INFO - --- 10000/360543 processed
